2021-04-26 23:26:53 [INFO    ] (autoreload.run_with_reloader) Watching for file changes with StatReloader
2021-04-26 23:26:53 [INFO    ] (autoreload.run_with_reloader) Watching for file changes with StatReloader
2021-04-26 23:26:56 [INFO    ] (basehttp.log_message) "GET / HTTP/1.1" 200 10697
2021-04-26 23:26:56 [INFO    ] (basehttp.log_message) "GET / HTTP/1.1" 200 10697
2021-04-26 23:26:56 [INFO    ] (basehttp.log_message) "GET /static/admin/css/fonts.css HTTP/1.1" 304 0
2021-04-26 23:26:56 [INFO    ] (basehttp.log_message) "GET /static/admin/css/fonts.css HTTP/1.1" 304 0
2021-04-26 23:26:56 [INFO    ] (basehttp.log_message) "GET /static/admin/fonts/Roboto-Bold-webfont.woff HTTP/1.1" 304 0
2021-04-26 23:26:56 [INFO    ] (basehttp.log_message) "GET /static/admin/fonts/Roboto-Bold-webfont.woff HTTP/1.1" 304 0
2021-04-26 23:26:56 [INFO    ] (basehttp.log_message) "GET /static/admin/fonts/Roboto-Regular-webfont.woff HTTP/1.1" 304 0
2021-04-26 23:26:56 [INFO    ] (basehttp.log_message) "GET /static/admin/fonts/Roboto-Regular-webfont.woff HTTP/1.1" 304 0
2021-04-26 23:26:56 [INFO    ] (basehttp.log_message) "GET /static/admin/fonts/Roboto-Light-webfont.woff HTTP/1.1" 200 85692
2021-04-26 23:26:56 [INFO    ] (basehttp.log_message) "GET /static/admin/fonts/Roboto-Light-webfont.woff HTTP/1.1" 200 85692
2021-04-26 23:32:49 [INFO    ] (autoreload.run_with_reloader) Watching for file changes with StatReloader
2021-04-26 23:32:49 [INFO    ] (autoreload.run_with_reloader) Watching for file changes with StatReloader
2021-04-26 23:32:52 [WARNING ] (log.log_response) Not Found: /
2021-04-26 23:32:52 [WARNING ] (log.log_response) Not Found: /
2021-04-26 23:32:52 [WARNING ] (basehttp.log_message) "GET / HTTP/1.1" 404 11975
2021-04-26 23:32:52 [WARNING ] (basehttp.log_message) "GET / HTTP/1.1" 404 11975
2021-04-26 23:32:52 [INFO    ] (basehttp.log_message) "GET /static/debug_toolbar/css/toolbar.css HTTP/1.1" 200 11461
2021-04-26 23:32:52 [INFO    ] (basehttp.log_message) "GET /static/debug_toolbar/css/toolbar.css HTTP/1.1" 200 11461
2021-04-26 23:32:52 [INFO    ] (basehttp.log_message) "GET /static/debug_toolbar/js/toolbar.js HTTP/1.1" 200 10452
2021-04-26 23:32:52 [INFO    ] (basehttp.log_message) "GET /static/debug_toolbar/js/toolbar.js HTTP/1.1" 200 10452
2021-04-26 23:32:52 [INFO    ] (basehttp.log_message) "GET /static/debug_toolbar/js/utils.js HTTP/1.1" 200 2988
2021-04-26 23:32:52 [INFO    ] (basehttp.log_message) "GET /static/debug_toolbar/css/print.css HTTP/1.1" 200 43
2021-04-26 23:32:52 [INFO    ] (basehttp.log_message) "GET /static/debug_toolbar/css/print.css HTTP/1.1" 200 43
2021-04-26 23:32:52 [INFO    ] (basehttp.log_message) "GET /static/debug_toolbar/js/utils.js HTTP/1.1" 200 2988
2021-04-26 23:33:08 [INFO    ] (basehttp.log_message) "GET /admin HTTP/1.1" 301 0
2021-04-26 23:33:08 [INFO    ] (basehttp.log_message) "GET /admin HTTP/1.1" 301 0
2021-04-26 23:33:08 [INFO    ] (basehttp.log_message) "GET /admin/ HTTP/1.1" 302 0
2021-04-26 23:33:08 [INFO    ] (basehttp.log_message) "GET /admin/ HTTP/1.1" 302 0
2021-04-26 23:33:08 [INFO    ] (basehttp.log_message) "GET /admin/login/?next=/admin/ HTTP/1.1" 200 12185
2021-04-26 23:33:08 [INFO    ] (basehttp.log_message) "GET /admin/login/?next=/admin/ HTTP/1.1" 200 12185
2021-04-26 23:33:08 [INFO    ] (basehttp.log_message) "GET /static/admin/css/base.css HTTP/1.1" 200 19513
2021-04-26 23:33:08 [INFO    ] (basehttp.log_message) "GET /static/admin/css/base.css HTTP/1.1" 200 19513
2021-04-26 23:33:08 [INFO    ] (basehttp.log_message) "GET /static/admin/css/login.css HTTP/1.1" 200 939
2021-04-26 23:33:08 [INFO    ] (basehttp.log_message) "GET /static/admin/css/login.css HTTP/1.1" 200 939
2021-04-26 23:33:08 [INFO    ] (basehttp.log_message) "GET /static/admin/css/nav_sidebar.css HTTP/1.1" 200 2271
2021-04-26 23:33:08 [INFO    ] (basehttp.log_message) "GET /static/admin/css/nav_sidebar.css HTTP/1.1" 200 2271
2021-04-26 23:33:08 [INFO    ] (basehttp.log_message) "GET /static/admin/js/nav_sidebar.js HTTP/1.1" 200 1360
2021-04-26 23:33:08 [INFO    ] (basehttp.log_message) "GET /static/admin/js/nav_sidebar.js HTTP/1.1" 200 1360
2021-04-26 23:33:08 [INFO    ] (basehttp.log_message) "GET /static/admin/css/responsive.css HTTP/1.1" 200 18545
2021-04-26 23:33:08 [INFO    ] (basehttp.log_message) "GET /static/admin/css/responsive.css HTTP/1.1" 200 18545
2021-04-26 23:33:08 [INFO    ] (basehttp.log_message) "GET /static/admin/css/fonts.css HTTP/1.1" 304 0
2021-04-26 23:33:08 [INFO    ] (basehttp.log_message) "GET /static/admin/css/fonts.css HTTP/1.1" 304 0
2021-04-26 23:33:08 [INFO    ] (basehttp.log_message) "GET /static/admin/fonts/Roboto-Regular-webfont.woff HTTP/1.1" 304 0
2021-04-26 23:33:08 [INFO    ] (basehttp.log_message) "GET /static/admin/fonts/Roboto-Regular-webfont.woff HTTP/1.1" 304 0
2021-04-26 23:33:08 [INFO    ] (basehttp.log_message) "GET /static/admin/fonts/Roboto-Light-webfont.woff HTTP/1.1" 304 0
2021-04-26 23:33:08 [INFO    ] (basehttp.log_message) "GET /static/admin/fonts/Roboto-Light-webfont.woff HTTP/1.1" 304 0
2021-04-26 23:33:08 [WARNING ] (log.log_response) Not Found: /favicon.ico
2021-04-26 23:33:08 [WARNING ] (log.log_response) Not Found: /favicon.ico
